Using pre-set license
Built from '2020.3/staging' branch; Version is '2020.3.25f1 (9b9180224418) revision 10195328'; Using compiler version '192528614'; Build Type 'Release'
OS: 'Windows 10  (10.0.19045) 64bit Professional' Language: 'zh' Physical Memory: 16328 MB
BatchMode: 1, IsHumanControllingUs: 0, StartBugReporterOnCrash: 0, Is64bit: 1, IsPro: 0

COMMAND LINE ARGUMENTS:
E:\Unity\UnityEditor\2020.3.25f1\Editor\Unity.exe
-adb2
-batchMode
-noUpm
-name
AssetImportWorker0
-projectPath
E:/DefenceASecondRepo/DefenceASecond/DefenceASecond _2
-logFile
Logs/AssetImportWorker0.log
-srvPort
55148
Successfully changed project path to: E:/DefenceASecondRepo/DefenceASecond/DefenceASecond _2
E:/DefenceASecondRepo/DefenceASecond/DefenceASecond _2
Using Asset Import Pipeline V2.
Refreshing native plugins compatible for Editor in 42.04 ms, found 3 plugins.
Preloading 0 native plugins for Editor in 0.00 ms.
Initialize engine version: 2020.3.25f1 (9b9180224418)
[Subsystems] Discovering subsystems at path E:/Unity/UnityEditor/2020.3.25f1/Editor/Data/Resources/UnitySubsystems
[Subsystems] Discovering subsystems at path E:/DefenceASecondRepo/DefenceASecond/DefenceASecond _2/Assets
GfxDevice: creating device client; threaded=0
Direct3D:
    Version:  Direct3D 11.0 [level 11.1]
    Renderer: NVIDIA GeForce GTX 1050 Ti (ID=0x1c82)
    Vendor:   
    VRAM:     4017 MB
    Driver:   31.0.15.3129
Initialize mono
Mono path[0] = 'E:/Unity/UnityEditor/2020.3.25f1/Editor/Data/Managed'
Mono path[1] = 'E:/Unity/UnityEditor/2020.3.25f1/Editor/Data/MonoBleedingEdge/lib/mono/unityjit'
Mono config path = 'E:/Unity/UnityEditor/2020.3.25f1/Editor/Data/MonoBleedingEdge/etc'
Using monoOptions --debugger-agent=transport=dt_socket,embedding=1,server=y,suspend=n,address=127.0.0.1:56120
Begin MonoManager ReloadAssembly
Registering precompiled unity dll's ...
Register platform support module: E:/Unity/UnityEditor/2020.3.25f1/Editor/Data/PlaybackEngines/WindowsStandaloneSupport/UnityEditor.WindowsStandalone.Extensions.dll
Registered in 0.000844 seconds.
Native extension for WindowsStandalone target not found
Refreshing native plugins compatible for Editor in 42.70 ms, found 3 plugins.
Preloading 0 native plugins for Editor in 0.00 ms.
Mono: successfully reloaded assembly
- Completed reload, in  0.487 seconds
Domain Reload Profiling:
	ReloadAssembly (487ms)
		BeginReloadAssembly (43ms)
			ExecutionOrderSort (0ms)
			DisableScriptedObjects (0ms)
			BackupInstance (0ms)
			ReleaseScriptingObjects (0ms)
			CreateAndSetChildDomain (1ms)
		EndReloadAssembly (389ms)
			LoadAssemblies (42ms)
			RebuildTransferFunctionScriptingTraits (0ms)
			SetupTypeCache (131ms)
			ReleaseScriptCaches (0ms)
			RebuildScriptCaches (26ms)
			SetupLoadedEditorAssemblies (150ms)
				LogAssemblyErrors (0ms)
				InitializePlatformSupportModulesInManaged (4ms)
				SetLoadedEditorAssemblies (0ms)
				RefreshPlugins (43ms)
				BeforeProcessingInitializeOnLoad (14ms)
				ProcessInitializeOnLoadAttributes (66ms)
				ProcessInitializeOnLoadMethodAttributes (23ms)
				AfterProcessingInitializeOnLoad (0ms)
				EditorAssembliesLoaded (0ms)
			ExecutionOrderSort2 (0ms)
			AwakeInstancesAfterBackupRestoration (0ms)
Platform modules already initialized, skipping
Registering precompiled user dll's ...
Registered in 0.002658 seconds.
Begin MonoManager ReloadAssembly
Native extension for WindowsStandalone target not found
Refreshing native plugins compatible for Editor in 42.69 ms, found 3 plugins.
Preloading 0 native plugins for Editor in 0.00 ms.
Mono: successfully reloaded assembly
- Completed reload, in  0.925 seconds
Domain Reload Profiling:
	ReloadAssembly (926ms)
		BeginReloadAssembly (118ms)
			ExecutionOrderSort (0ms)
			DisableScriptedObjects (4ms)
			BackupInstance (0ms)
			ReleaseScriptingObjects (0ms)
			CreateAndSetChildDomain (15ms)
		EndReloadAssembly (761ms)
			LoadAssemblies (74ms)
			RebuildTransferFunctionScriptingTraits (0ms)
			SetupTypeCache (256ms)
			ReleaseScriptCaches (0ms)
			RebuildScriptCaches (41ms)
			SetupLoadedEditorAssemblies (290ms)
				LogAssemblyErrors (0ms)
				InitializePlatformSupportModulesInManaged (3ms)
				SetLoadedEditorAssemblies (0ms)
				RefreshPlugins (43ms)
				BeforeProcessingInitializeOnLoad (65ms)
				ProcessInitializeOnLoadAttributes (162ms)
				ProcessInitializeOnLoadMethodAttributes (15ms)
				AfterProcessingInitializeOnLoad (2ms)
				EditorAssembliesLoaded (0ms)
			ExecutionOrderSort2 (0ms)
			AwakeInstancesAfterBackupRestoration (5ms)
Platform modules already initialized, skipping
========================================================================
Worker process is ready to serve import requests
Launched and connected shader compiler UnityShaderCompiler.exe after 0.03 seconds
Refreshing native plugins compatible for Editor in 0.48 ms, found 3 plugins.
Preloading 0 native plugins for Editor in 0.00 ms.
Unloading 2243 Unused Serialized files (Serialized files now loaded: 0)
System memory in use before: 97.1 MB.
System memory in use after: 97.2 MB.

Unloading 28 unused Assets to reduce memory usage. Loaded Objects now: 2679.
Total: 2.617200 ms (FindLiveObjects: 0.162900 ms CreateObjectMapping: 0.071700 ms MarkObjects: 2.322600 ms  DeleteObjects: 0.059300 ms)

AssetImportParameters requested are different than current active one (requested -> active):
  custom:framework-win-MediaFoundation: 216162199b28c13a410421893ffa2e32 -> 
  custom:video-decoder-ogg-theora: a1e56fd34408186e4bbccfd4996cb3dc -> 
  custom:container-muxer-webm: aa71ff27fc2769a1b78a27578f13a17b -> 
  custom:container-demuxer-webm: 4f35f7cbe854078d1ac9338744f61a02 -> 
  custom:container-demuxer-ogg: 62fdf1f143b41e24485cea50d1cbac27 -> 
  custom:video-encoder-webm-vp8: eb34c28f22e8b96e1ab97ce403110664 -> 
  custom:video-decoder-webm-vp8: 9c59270c3fd7afecdb556c50c9e8de78 -> 
  custom:audio-decoder-ogg-vorbis: bf7c407c2cedff20999df2af8eb42d56 -> 
  custom:audio-encoder-webm-vorbis: bf7c407c2cedff20999df2af8eb42d56 -> 
========================================================================
Received Import Request.
  path: Assets/Materials/NewRenderTexture.renderTexture
  artifactKey: Guid(f91b947c66cfe5a4fad62ec3af5f1967) Importer(815301076,1909f56bfc062723c751e8b465ee728b)
Start importing Assets/Materials/NewRenderTexture.renderTexture using Guid(f91b947c66cfe5a4fad62ec3af5f1967) Importer(815301076,1909f56bfc062723c751e8b465ee728b)  -> (artifact id: 'd8ff4b975c75da122376408d6fa46755') in 0.100599 seconds 
  Import took 0.103962 seconds .

========================================================================
Received Import Request.
  Time since last request: 0.022268 seconds.
  path: Assets/Prefabs/deathAnimeObj.prefab
  artifactKey: Guid(b5b88306347440c4ca266b78f206108c) Importer(815301076,1909f56bfc062723c751e8b465ee728b)
Start importing Assets/Prefabs/deathAnimeObj.prefab using Guid(b5b88306347440c4ca266b78f206108c) Importer(815301076,1909f56bfc062723c751e8b465ee728b)  -> (artifact id: '791fd29cbb071301f05d470b982fb599') in 0.084265 seconds 
  Import took 0.087360 seconds .

========================================================================
Received Import Request.
  Time since last request: 0.000250 seconds.
  path: Assets/Prefabs/UnitBlock.prefab
  artifactKey: Guid(983f7b074aa4ab84090932c98bcf8e82) Importer(815301076,1909f56bfc062723c751e8b465ee728b)
Start importing Assets/Prefabs/UnitBlock.prefab using Guid(983f7b074aa4ab84090932c98bcf8e82) Importer(815301076,1909f56bfc062723c751e8b465ee728b)  -> (artifact id: '75021f2ac0f8963b6bb5a71ae2f7fe0d') in 0.017135 seconds 
  Import took 0.019874 seconds .

========================================================================
Received Import Request.
  Time since last request: 0.000434 seconds.
  path: Assets/Prefabs/GameManager.prefab
  artifactKey: Guid(23d03242939b00c47b55334ebeac4c8d) Importer(815301076,1909f56bfc062723c751e8b465ee728b)
Start importing Assets/Prefabs/GameManager.prefab using Guid(23d03242939b00c47b55334ebeac4c8d) Importer(815301076,1909f56bfc062723c751e8b465ee728b)  -> (artifact id: 'e1112f5b9d91b4e9abf20a0d2a625dbb') in 0.008166 seconds 
  Import took 0.011978 seconds .

========================================================================
Received Import Request.
  Time since last request: 0.000236 seconds.
  path: Assets/Prefabs/UnitBlock_1.prefab
  artifactKey: Guid(0a316f77a24f46b4aa89daef462ebc23) Importer(815301076,1909f56bfc062723c751e8b465ee728b)
Start importing Assets/Prefabs/UnitBlock_1.prefab using Guid(0a316f77a24f46b4aa89daef462ebc23) Importer(815301076,1909f56bfc062723c751e8b465ee728b)  -> (artifact id: '0a0f16f5fb2eef5e65f6a137e601c858') in 0.012710 seconds 
  Import took 0.015608 seconds .

========================================================================
Received Import Request.
  Time since last request: 17.276177 seconds.
  path: Assets/Scripts/BuildingScript
  artifactKey: Guid(45e436fdc6b02584a97da962fa44962d) Importer(815301076,1909f56bfc062723c751e8b465ee728b)
Start importing Assets/Scripts/BuildingScript using Guid(45e436fdc6b02584a97da962fa44962d) Importer(815301076,1909f56bfc062723c751e8b465ee728b)  -> (artifact id: 'cf2fa9b7a491d0128d20a38e61043f2d') in 0.005593 seconds 
  Import took 0.008582 seconds .

========================================================================
Received Import Request.
  Time since last request: 0.850276 seconds.
  path: Assets/Scripts/CharacterScript
  artifactKey: Guid(dc000ead8fb845d44bfecf5f08fb52b4) Importer(815301076,1909f56bfc062723c751e8b465ee728b)
Start importing Assets/Scripts/CharacterScript using Guid(dc000ead8fb845d44bfecf5f08fb52b4) Importer(815301076,1909f56bfc062723c751e8b465ee728b)  -> (artifact id: '60c2909f3860264feeec493c66e159d3') in 0.007190 seconds 
  Import took 0.010407 seconds .

========================================================================
Received Import Request.
  Time since last request: 0.949100 seconds.
  path: Assets/Scripts/ItemScript
  artifactKey: Guid(2e3ddf3fd3005294da9578b944204397) Importer(815301076,1909f56bfc062723c751e8b465ee728b)
Start importing Assets/Scripts/ItemScript using Guid(2e3ddf3fd3005294da9578b944204397) Importer(815301076,1909f56bfc062723c751e8b465ee728b)  -> (artifact id: 'd0b10bad4284c4ad2c79dba80a353b29') in 0.008868 seconds 
  Import took 0.012686 seconds .

========================================================================
Received Import Request.
  Time since last request: 0.474632 seconds.
  path: Assets/Scripts/LevelScripts
  artifactKey: Guid(5ebd10a6871373b498862784b9cf94a9) Importer(815301076,1909f56bfc062723c751e8b465ee728b)
Start importing Assets/Scripts/LevelScripts using Guid(5ebd10a6871373b498862784b9cf94a9) Importer(815301076,1909f56bfc062723c751e8b465ee728b)  -> (artifact id: 'f5242e10dc4dbd5add3bdd25e1387fe2') in 0.007526 seconds 
  Import took 0.010619 seconds .

========================================================================
Received Import Request.
  Time since last request: 0.468432 seconds.
  path: Assets/Scripts/LobbyScipts
  artifactKey: Guid(a16749ec79e977c4dabb667d249f316a) Importer(815301076,1909f56bfc062723c751e8b465ee728b)
Start importing Assets/Scripts/LobbyScipts using Guid(a16749ec79e977c4dabb667d249f316a) Importer(815301076,1909f56bfc062723c751e8b465ee728b)  -> (artifact id: 'aad6df9ce00e08cf32d6ca774783633c') in 0.008312 seconds 
  Import took 0.012109 seconds .

========================================================================
Received Import Request.
  Time since last request: 0.821091 seconds.
  path: Assets/Scripts/Projectiles
  artifactKey: Guid(2f36c27f91533e44b806a096b7586d29) Importer(815301076,1909f56bfc062723c751e8b465ee728b)
Start importing Assets/Scripts/Projectiles using Guid(2f36c27f91533e44b806a096b7586d29) Importer(815301076,1909f56bfc062723c751e8b465ee728b)  -> (artifact id: '372ec096fbe0d7258eaa987a27fe93c7') in 0.006192 seconds 
  Import took 0.009437 seconds .

========================================================================
Received Import Request.
  Time since last request: 0.790724 seconds.
  path: Assets/Scripts/Storage
  artifactKey: Guid(37fcdf0e26fe41b45a185e7878bb6060) Importer(815301076,1909f56bfc062723c751e8b465ee728b)
Start importing Assets/Scripts/Storage using Guid(37fcdf0e26fe41b45a185e7878bb6060) Importer(815301076,1909f56bfc062723c751e8b465ee728b)  -> (artifact id: 'a413d882c129e21659c6c7f8c9c4739f') in 0.007793 seconds 
  Import took 0.011546 seconds .

========================================================================
Received Import Request.
  Time since last request: 0.794096 seconds.
  path: Assets/Scripts/DestroyObj.cs
  artifactKey: Guid(7bd99d47e30c987488f738a3b18a179a) Importer(815301076,1909f56bfc062723c751e8b465ee728b)
Start importing Assets/Scripts/DestroyObj.cs using Guid(7bd99d47e30c987488f738a3b18a179a) Importer(815301076,1909f56bfc062723c751e8b465ee728b)  -> (artifact id: 'f1b542c4dd87fcf24e7cbb8101ce9cd7') in 0.019506 seconds 
  Import took 0.023213 seconds .

========================================================================
Received Import Request.
  Time since last request: 0.737880 seconds.
  path: Assets/Scripts/StartGameSet.cs
  artifactKey: Guid(8293ad076512861408ac8716cca814c5) Importer(815301076,1909f56bfc062723c751e8b465ee728b)
Start importing Assets/Scripts/StartGameSet.cs using Guid(8293ad076512861408ac8716cca814c5) Importer(815301076,1909f56bfc062723c751e8b465ee728b)  -> (artifact id: 'e8fffef89f94f93ffe9fdd6b2f250f54') in 0.006156 seconds 
  Import took 0.009611 seconds .

========================================================================
Received Import Request.
  Time since last request: 1595.199312 seconds.
  path: Assets/Scripts/BuildingScript/MultipleEffectBuildings
  artifactKey: Guid(bd09fac86b4330b44994e5bb2ab78213) Importer(815301076,1909f56bfc062723c751e8b465ee728b)
Start importing Assets/Scripts/BuildingScript/MultipleEffectBuildings using Guid(bd09fac86b4330b44994e5bb2ab78213) Importer(815301076,1909f56bfc062723c751e8b465ee728b)  -> (artifact id: 'b0429ffc927ff497fc1420b14e8dbf22') in 0.029036 seconds 
  Import took 0.033186 seconds .

========================================================================
Received Import Request.
  Time since last request: 0.795842 seconds.
  path: Assets/Scripts/BuildingScript/BuildBtnController.cs
  artifactKey: Guid(b0c8a8e62b94c3247930d06626ebed05) Importer(815301076,1909f56bfc062723c751e8b465ee728b)
Start importing Assets/Scripts/BuildingScript/BuildBtnController.cs using Guid(b0c8a8e62b94c3247930d06626ebed05) Importer(815301076,1909f56bfc062723c751e8b465ee728b)  -> (artifact id: '9beb39999fa6d7dde82926805427d000') in 0.006030 seconds 
  Import took 0.009340 seconds .

========================================================================
Received Import Request.
  Time since last request: 37.148466 seconds.
  path: Assets/Scripts/BuildingScript/BuildBtnController.cs
  artifactKey: Guid(b0c8a8e62b94c3247930d06626ebed05) Importer(815301076,1909f56bfc062723c751e8b465ee728b)
Start importing Assets/Scripts/BuildingScript/BuildBtnController.cs using Guid(b0c8a8e62b94c3247930d06626ebed05) Importer(815301076,1909f56bfc062723c751e8b465ee728b)  -> (artifact id: 'e104e0ff85987649d38a93c5c15c3f25') in 0.001604 seconds 
  Import took 0.006303 seconds .

========================================================================
Received Import Request.
  Time since last request: 2.625037 seconds.
  path: Assets/Scripts/BuildingScript/BuildBtnController.cs
  artifactKey: Guid(b0c8a8e62b94c3247930d06626ebed05) Importer(815301076,1909f56bfc062723c751e8b465ee728b)
Start importing Assets/Scripts/BuildingScript/BuildBtnController.cs using Guid(b0c8a8e62b94c3247930d06626ebed05) Importer(815301076,1909f56bfc062723c751e8b465ee728b)  -> (artifact id: '760e9993db0daec9176d5edd2a03504c') in 0.001917 seconds 
  Import took 0.005425 seconds .

========================================================================
Received Prepare
Registering precompiled user dll's ...
Registered in 0.003025 seconds.
Begin MonoManager ReloadAssembly
Native extension for WindowsStandalone target not found
Refreshing native plugins compatible for Editor in 0.76 ms, found 3 plugins.
Preloading 0 native plugins for Editor in 0.00 ms.
Mono: successfully reloaded assembly
- Completed reload, in  1.056 seconds
Domain Reload Profiling:
	ReloadAssembly (1056ms)
		BeginReloadAssembly (154ms)
			ExecutionOrderSort (0ms)
			DisableScriptedObjects (10ms)
			BackupInstance (0ms)
			ReleaseScriptingObjects (0ms)
			CreateAndSetChildDomain (55ms)
		EndReloadAssembly (847ms)
			LoadAssemblies (93ms)
			RebuildTransferFunctionScriptingTraits (0ms)
			SetupTypeCache (293ms)
			ReleaseScriptCaches (1ms)
			RebuildScriptCaches (41ms)
			SetupLoadedEditorAssemblies (267ms)
				LogAssemblyErrors (0ms)
				InitializePlatformSupportModulesInManaged (4ms)
				SetLoadedEditorAssemblies (1ms)
				RefreshPlugins (1ms)
				BeforeProcessingInitializeOnLoad (72ms)
				ProcessInitializeOnLoadAttributes (179ms)
				ProcessInitializeOnLoadMethodAttributes (9ms)
				AfterProcessingInitializeOnLoad (2ms)
				EditorAssembliesLoaded (0ms)
			ExecutionOrderSort2 (0ms)
			AwakeInstancesAfterBackupRestoration (8ms)
Platform modules already initialized, skipping
Refreshing native plugins compatible for Editor in 0.50 ms, found 3 plugins.
Preloading 0 native plugins for Editor in 0.00 ms.
Unloading 2232 Unused Serialized files (Serialized files now loaded: 0)
System memory in use before: 99.7 MB.
System memory in use after: 99.8 MB.

Unloading 18 unused Assets to reduce memory usage. Loaded Objects now: 2694.
Total: 3.117500 ms (FindLiveObjects: 0.266200 ms CreateObjectMapping: 0.135100 ms MarkObjects: 2.691400 ms  DeleteObjects: 0.023700 ms)

AssetImportParameters requested are different than current active one (requested -> active):
  custom:framework-win-MediaFoundation: 216162199b28c13a410421893ffa2e32 -> 
  custom:video-decoder-ogg-theora: a1e56fd34408186e4bbccfd4996cb3dc -> 
  custom:container-muxer-webm: aa71ff27fc2769a1b78a27578f13a17b -> 
  custom:container-demuxer-webm: 4f35f7cbe854078d1ac9338744f61a02 -> 
  custom:container-demuxer-ogg: 62fdf1f143b41e24485cea50d1cbac27 -> 
  custom:video-encoder-webm-vp8: eb34c28f22e8b96e1ab97ce403110664 -> 
  custom:video-decoder-webm-vp8: 9c59270c3fd7afecdb556c50c9e8de78 -> 
  custom:audio-decoder-ogg-vorbis: bf7c407c2cedff20999df2af8eb42d56 -> 
  custom:audio-encoder-webm-vorbis: bf7c407c2cedff20999df2af8eb42d56 -> 
========================================================================
Received Prepare
Registering precompiled user dll's ...
Registered in 0.003076 seconds.
Begin MonoManager ReloadAssembly
Native extension for WindowsStandalone target not found
Refreshing native plugins compatible for Editor in 0.51 ms, found 3 plugins.
Preloading 0 native plugins for Editor in 0.00 ms.
Mono: successfully reloaded assembly
- Completed reload, in  0.884 seconds
Domain Reload Profiling:
	ReloadAssembly (885ms)
		BeginReloadAssembly (103ms)
			ExecutionOrderSort (0ms)
			DisableScriptedObjects (6ms)
			BackupInstance (0ms)
			ReleaseScriptingObjects (0ms)
			CreateAndSetChildDomain (32ms)
		EndReloadAssembly (734ms)
			LoadAssemblies (77ms)
			RebuildTransferFunctionScriptingTraits (0ms)
			SetupTypeCache (255ms)
			ReleaseScriptCaches (1ms)
			RebuildScriptCaches (37ms)
			SetupLoadedEditorAssemblies (276ms)
				LogAssemblyErrors (0ms)
				InitializePlatformSupportModulesInManaged (4ms)
				SetLoadedEditorAssemblies (0ms)
				RefreshPlugins (1ms)
				BeforeProcessingInitializeOnLoad (78ms)
				ProcessInitializeOnLoadAttributes (181ms)
				ProcessInitializeOnLoadMethodAttributes (10ms)
				AfterProcessingInitializeOnLoad (2ms)
				EditorAssembliesLoaded (0ms)
			ExecutionOrderSort2 (0ms)
			AwakeInstancesAfterBackupRestoration (10ms)
Platform modules already initialized, skipping
Refreshing native plugins compatible for Editor in 0.76 ms, found 3 plugins.
Preloading 0 native plugins for Editor in 0.00 ms.
Unloading 2232 Unused Serialized files (Serialized files now loaded: 0)
System memory in use before: 99.7 MB.
System memory in use after: 99.9 MB.

Unloading 17 unused Assets to reduce memory usage. Loaded Objects now: 2696.
Total: 3.404800 ms (FindLiveObjects: 0.188100 ms CreateObjectMapping: 0.090500 ms MarkObjects: 3.107600 ms  DeleteObjects: 0.017800 ms)

AssetImportParameters requested are different than current active one (requested -> active):
  custom:framework-win-MediaFoundation: 216162199b28c13a410421893ffa2e32 -> 
  custom:video-decoder-ogg-theora: a1e56fd34408186e4bbccfd4996cb3dc -> 
  custom:container-muxer-webm: aa71ff27fc2769a1b78a27578f13a17b -> 
  custom:container-demuxer-webm: 4f35f7cbe854078d1ac9338744f61a02 -> 
  custom:container-demuxer-ogg: 62fdf1f143b41e24485cea50d1cbac27 -> 
  custom:video-encoder-webm-vp8: eb34c28f22e8b96e1ab97ce403110664 -> 
  custom:video-decoder-webm-vp8: 9c59270c3fd7afecdb556c50c9e8de78 -> 
  custom:audio-decoder-ogg-vorbis: bf7c407c2cedff20999df2af8eb42d56 -> 
  custom:audio-encoder-webm-vorbis: bf7c407c2cedff20999df2af8eb42d56 -> 
========================================================================
Received Import Request.
  Time since last request: 527.902278 seconds.
  path: Assets/Scripts/BuildingScript/BuildingSuperClass.cs
  artifactKey: Guid(6d59697a0dd0a624a915e108ff92f731) Importer(815301076,1909f56bfc062723c751e8b465ee728b)
Start importing Assets/Scripts/BuildingScript/BuildingSuperClass.cs using Guid(6d59697a0dd0a624a915e108ff92f731) Importer(815301076,1909f56bfc062723c751e8b465ee728b)  -> (artifact id: '5cb9637b6300a896cb6047f4496bb686') in 0.009541 seconds 
  Import took 0.013041 seconds .

========================================================================
Received Prepare
Registering precompiled user dll's ...
Registered in 0.002501 seconds.
Begin MonoManager ReloadAssembly
Native extension for WindowsStandalone target not found
Refreshing native plugins compatible for Editor in 0.47 ms, found 3 plugins.
Preloading 0 native plugins for Editor in 0.00 ms.
Mono: successfully reloaded assembly
- Completed reload, in  0.911 seconds
Domain Reload Profiling:
	ReloadAssembly (912ms)
		BeginReloadAssembly (100ms)
			ExecutionOrderSort (0ms)
			DisableScriptedObjects (5ms)
			BackupInstance (0ms)
			ReleaseScriptingObjects (0ms)
			CreateAndSetChildDomain (29ms)
		EndReloadAssembly (766ms)
			LoadAssemblies (77ms)
			RebuildTransferFunctionScriptingTraits (0ms)
			SetupTypeCache (256ms)
			ReleaseScriptCaches (1ms)
			RebuildScriptCaches (35ms)
			SetupLoadedEditorAssemblies (309ms)
				LogAssemblyErrors (0ms)
				InitializePlatformSupportModulesInManaged (3ms)
				SetLoadedEditorAssemblies (0ms)
				RefreshPlugins (1ms)
				BeforeProcessingInitializeOnLoad (62ms)
				ProcessInitializeOnLoadAttributes (231ms)
				ProcessInitializeOnLoadMethodAttributes (9ms)
				AfterProcessingInitializeOnLoad (2ms)
				EditorAssembliesLoaded (0ms)
			ExecutionOrderSort2 (0ms)
			AwakeInstancesAfterBackupRestoration (8ms)
Platform modules already initialized, skipping
Refreshing native plugins compatible for Editor in 0.52 ms, found 3 plugins.
Preloading 0 native plugins for Editor in 0.00 ms.
Unloading 2232 Unused Serialized files (Serialized files now loaded: 0)
System memory in use before: 99.8 MB.
System memory in use after: 99.9 MB.

Unloading 17 unused Assets to reduce memory usage. Loaded Objects now: 2698.
Total: 2.694400 ms (FindLiveObjects: 0.210400 ms CreateObjectMapping: 0.090500 ms MarkObjects: 2.360000 ms  DeleteObjects: 0.033000 ms)

AssetImportParameters requested are different than current active one (requested -> active):
  custom:framework-win-MediaFoundation: 216162199b28c13a410421893ffa2e32 -> 
  custom:video-decoder-ogg-theora: a1e56fd34408186e4bbccfd4996cb3dc -> 
  custom:container-muxer-webm: aa71ff27fc2769a1b78a27578f13a17b -> 
  custom:container-demuxer-webm: 4f35f7cbe854078d1ac9338744f61a02 -> 
  custom:container-demuxer-ogg: 62fdf1f143b41e24485cea50d1cbac27 -> 
  custom:video-encoder-webm-vp8: eb34c28f22e8b96e1ab97ce403110664 -> 
  custom:video-decoder-webm-vp8: 9c59270c3fd7afecdb556c50c9e8de78 -> 
  custom:audio-decoder-ogg-vorbis: bf7c407c2cedff20999df2af8eb42d56 -> 
  custom:audio-encoder-webm-vorbis: bf7c407c2cedff20999df2af8eb42d56 -> 
========================================================================
Received Prepare
Registering precompiled user dll's ...
Registered in 0.002503 seconds.
Begin MonoManager ReloadAssembly
Native extension for WindowsStandalone target not found
Refreshing native plugins compatible for Editor in 0.47 ms, found 3 plugins.
Preloading 0 native plugins for Editor in 0.00 ms.
Mono: successfully reloaded assembly
- Completed reload, in  0.945 seconds
Domain Reload Profiling:
	ReloadAssembly (945ms)
		BeginReloadAssembly (115ms)
			ExecutionOrderSort (0ms)
			DisableScriptedObjects (5ms)
			BackupInstance (0ms)
			ReleaseScriptingObjects (0ms)
			CreateAndSetChildDomain (34ms)
		EndReloadAssembly (784ms)
			LoadAssemblies (78ms)
			RebuildTransferFunctionScriptingTraits (0ms)
			SetupTypeCache (258ms)
			ReleaseScriptCaches (1ms)
			RebuildScriptCaches (37ms)
			SetupLoadedEditorAssemblies (310ms)
				LogAssemblyErrors (0ms)
				InitializePlatformSupportModulesInManaged (3ms)
				SetLoadedEditorAssemblies (0ms)
				RefreshPlugins (1ms)
				BeforeProcessingInitializeOnLoad (64ms)
				ProcessInitializeOnLoadAttributes (200ms)
				ProcessInitializeOnLoadMethodAttributes (39ms)
				AfterProcessingInitializeOnLoad (2ms)
				EditorAssembliesLoaded (0ms)
			ExecutionOrderSort2 (0ms)
			AwakeInstancesAfterBackupRestoration (8ms)
Platform modules already initialized, skipping
Refreshing native plugins compatible for Editor in 0.69 ms, found 3 plugins.
Preloading 0 native plugins for Editor in 0.00 ms.
Unloading 2232 Unused Serialized files (Serialized files now loaded: 0)
System memory in use before: 99.9 MB.
System memory in use after: 100.0 MB.

Unloading 17 unused Assets to reduce memory usage. Loaded Objects now: 2700.
Total: 3.862500 ms (FindLiveObjects: 0.199500 ms CreateObjectMapping: 0.102500 ms MarkObjects: 3.537400 ms  DeleteObjects: 0.021800 ms)

AssetImportParameters requested are different than current active one (requested -> active):
  custom:framework-win-MediaFoundation: 216162199b28c13a410421893ffa2e32 -> 
  custom:video-decoder-ogg-theora: a1e56fd34408186e4bbccfd4996cb3dc -> 
  custom:container-muxer-webm: aa71ff27fc2769a1b78a27578f13a17b -> 
  custom:container-demuxer-webm: 4f35f7cbe854078d1ac9338744f61a02 -> 
  custom:container-demuxer-ogg: 62fdf1f143b41e24485cea50d1cbac27 -> 
  custom:video-encoder-webm-vp8: eb34c28f22e8b96e1ab97ce403110664 -> 
  custom:video-decoder-webm-vp8: 9c59270c3fd7afecdb556c50c9e8de78 -> 
  custom:audio-decoder-ogg-vorbis: bf7c407c2cedff20999df2af8eb42d56 -> 
  custom:audio-encoder-webm-vorbis: bf7c407c2cedff20999df2af8eb42d56 -> 
========================================================================
Received Prepare
Registering precompiled user dll's ...
Registered in 0.003511 seconds.
Begin MonoManager ReloadAssembly
Native extension for WindowsStandalone target not found
Refreshing native plugins compatible for Editor in 0.49 ms, found 3 plugins.
Preloading 0 native plugins for Editor in 0.00 ms.
Mono: successfully reloaded assembly
- Completed reload, in  0.928 seconds
Domain Reload Profiling:
	ReloadAssembly (929ms)
		BeginReloadAssembly (96ms)
			ExecutionOrderSort (0ms)
			DisableScriptedObjects (5ms)
			BackupInstance (0ms)
			ReleaseScriptingObjects (0ms)
			CreateAndSetChildDomain (27ms)
		EndReloadAssembly (781ms)
			LoadAssemblies (81ms)
			RebuildTransferFunctionScriptingTraits (0ms)
			SetupTypeCache (247ms)
			ReleaseScriptCaches (1ms)
			RebuildScriptCaches (36ms)
			SetupLoadedEditorAssemblies (336ms)
				LogAssemblyErrors (0ms)
				InitializePlatformSupportModulesInManaged (4ms)
				SetLoadedEditorAssemblies (0ms)
				RefreshPlugins (1ms)
				BeforeProcessingInitializeOnLoad (64ms)
				ProcessInitializeOnLoadAttributes (256ms)
				ProcessInitializeOnLoadMethodAttributes (10ms)
				AfterProcessingInitializeOnLoad (2ms)
				EditorAssembliesLoaded (0ms)
			ExecutionOrderSort2 (0ms)
			AwakeInstancesAfterBackupRestoration (7ms)
Platform modules already initialized, skipping
Refreshing native plugins compatible for Editor in 0.60 ms, found 3 plugins.
Preloading 0 native plugins for Editor in 0.00 ms.
Unloading 2232 Unused Serialized files (Serialized files now loaded: 0)
System memory in use before: 99.9 MB.
System memory in use after: 100.0 MB.

Unloading 17 unused Assets to reduce memory usage. Loaded Objects now: 2702.
Total: 2.769900 ms (FindLiveObjects: 0.168000 ms CreateObjectMapping: 0.087000 ms MarkObjects: 2.459300 ms  DeleteObjects: 0.054700 ms)

AssetImportParameters requested are different than current active one (requested -> active):
  custom:framework-win-MediaFoundation: 216162199b28c13a410421893ffa2e32 -> 
  custom:video-decoder-ogg-theora: a1e56fd34408186e4bbccfd4996cb3dc -> 
  custom:container-muxer-webm: aa71ff27fc2769a1b78a27578f13a17b -> 
  custom:container-demuxer-webm: 4f35f7cbe854078d1ac9338744f61a02 -> 
  custom:container-demuxer-ogg: 62fdf1f143b41e24485cea50d1cbac27 -> 
  custom:video-encoder-webm-vp8: eb34c28f22e8b96e1ab97ce403110664 -> 
  custom:video-decoder-webm-vp8: 9c59270c3fd7afecdb556c50c9e8de78 -> 
  custom:audio-decoder-ogg-vorbis: bf7c407c2cedff20999df2af8eb42d56 -> 
  custom:audio-encoder-webm-vorbis: bf7c407c2cedff20999df2af8eb42d56 -> 
========================================================================
Received Import Request.
  Time since last request: 157.600982 seconds.
  path: Assets/Scripts/BuildingScript/TowerBuilding
  artifactKey: Guid(5680cc180b705e243be9c4889b13b5d7) Importer(815301076,1909f56bfc062723c751e8b465ee728b)
Start importing Assets/Scripts/BuildingScript/TowerBuilding using Guid(5680cc180b705e243be9c4889b13b5d7) Importer(815301076,1909f56bfc062723c751e8b465ee728b)  -> (artifact id: '5b85c07916676ca27f05a0d972e24962') in 0.012645 seconds 
  Import took 0.015653 seconds .

========================================================================
Received Import Request.
  Time since last request: 2.312884 seconds.
  path: Assets/Scripts/Audio
  artifactKey: Guid(8ef4c443beb46a24d8997b466e3b6544) Importer(815301076,1909f56bfc062723c751e8b465ee728b)
Start importing Assets/Scripts/Audio using Guid(8ef4c443beb46a24d8997b466e3b6544) Importer(815301076,1909f56bfc062723c751e8b465ee728b)  -> (artifact id: 'b7d86c8a226709edaa8e3b9392ad0ede') in 0.006877 seconds 
  Import took 0.010394 seconds .

========================================================================
Received Import Request.
  Time since last request: 0.804227 seconds.
  path: Assets/Scripts/Audio/CharacterAudio
  artifactKey: Guid(f30d7ec5432ef33439951b1af8960796) Importer(815301076,1909f56bfc062723c751e8b465ee728b)
Start importing Assets/Scripts/Audio/CharacterAudio using Guid(f30d7ec5432ef33439951b1af8960796) Importer(815301076,1909f56bfc062723c751e8b465ee728b)  -> (artifact id: 'd44a4859193556b7e2b2ab440f118611') in 0.007490 seconds 
  Import took 0.010886 seconds .

========================================================================
Received Import Request.
  Time since last request: 0.761494 seconds.
  path: Assets/Scripts/Audio/CharacterAudio/AudioClass.cs
  artifactKey: Guid(b27804535f4beb04dba5b0b68709da60) Importer(815301076,1909f56bfc062723c751e8b465ee728b)
Start importing Assets/Scripts/Audio/CharacterAudio/AudioClass.cs using Guid(b27804535f4beb04dba5b0b68709da60) Importer(815301076,1909f56bfc062723c751e8b465ee728b)  -> (artifact id: 'ddb04aa557258073a89db3e8cdef0394') in 0.006670 seconds 
  Import took 0.009887 seconds .

========================================================================
Received Import Request.
  Time since last request: 5.216324 seconds.
  path: Assets/Scripts/BuildingScript/MultipleEffectBuildings/Landmine
  artifactKey: Guid(9bbb6c1738c704749b857b110765f4fc) Importer(815301076,1909f56bfc062723c751e8b465ee728b)
Start importing Assets/Scripts/BuildingScript/MultipleEffectBuildings/Landmine using Guid(9bbb6c1738c704749b857b110765f4fc) Importer(815301076,1909f56bfc062723c751e8b465ee728b)  -> (artifact id: '803e43b6e33d8aa6a154afe75264cb0a') in 0.007299 seconds 
  Import took 0.010930 seconds .

========================================================================
Received Import Request.
  Time since last request: 1.738738 seconds.
  path: Assets/Scripts/BuildingScript/MultipleEffectBuildings/Landmine/LandmineClass.cs
  artifactKey: Guid(5d31c821e99143a468259b1e109ec215) Importer(815301076,1909f56bfc062723c751e8b465ee728b)
Start importing Assets/Scripts/BuildingScript/MultipleEffectBuildings/Landmine/LandmineClass.cs using Guid(5d31c821e99143a468259b1e109ec215) Importer(815301076,1909f56bfc062723c751e8b465ee728b)  -> (artifact id: '06ab97f021d4c32236683e6d1f5e2ec0') in 0.009059 seconds 
  Import took 0.012616 seconds .

========================================================================
Received Import Request.
  Time since last request: 2.246670 seconds.
  path: Assets/Scripts/BuildingScript/MultipleEffectBuildings/Landmine/MultipleTargetBuildingDetect.cs
  artifactKey: Guid(2c56d483816395045981749760e23665) Importer(815301076,1909f56bfc062723c751e8b465ee728b)
Start importing Assets/Scripts/BuildingScript/MultipleEffectBuildings/Landmine/MultipleTargetBuildingDetect.cs using Guid(2c56d483816395045981749760e23665) Importer(815301076,1909f56bfc062723c751e8b465ee728b)  -> (artifact id: '148d92dd830f20fc3a64a1af4dff510a') in 0.008012 seconds 
  Import took 0.011656 seconds .

========================================================================
Received Import Request.
  Time since last request: 3.494863 seconds.
  path: Assets/Scripts/BuildingScript/SingleEffectBuildings/TrapClass.cs
  artifactKey: Guid(59ae08c22c7367a449e9af84cc301f46) Importer(815301076,1909f56bfc062723c751e8b465ee728b)
Start importing Assets/Scripts/BuildingScript/SingleEffectBuildings/TrapClass.cs using Guid(59ae08c22c7367a449e9af84cc301f46) Importer(815301076,1909f56bfc062723c751e8b465ee728b)  -> (artifact id: 'cb49deb4c510f44d1f48912edfeea9a1') in 0.006730 seconds 
  Import took 0.010232 seconds .

========================================================================
Received Import Request.
  Time since last request: 3.224273 seconds.
  path: Assets/Scripts/BuildingScript/TowerBuilding/DefenceTowerClass.cs
  artifactKey: Guid(9c63a1ad370b80548935de1acc34af65) Importer(815301076,1909f56bfc062723c751e8b465ee728b)
Start importing Assets/Scripts/BuildingScript/TowerBuilding/DefenceTowerClass.cs using Guid(9c63a1ad370b80548935de1acc34af65) Importer(815301076,1909f56bfc062723c751e8b465ee728b)  -> (artifact id: 'fb640ff0ace2102424d5986d8bf3bdf2') in 0.006845 seconds 
  Import took 0.010815 seconds .

========================================================================
Received Import Request.
  Time since last request: 7.515848 seconds.
  path: Assets/Scripts/BuildingScript/TowerBuilding/MoneyGeneratorClass.cs
  artifactKey: Guid(2bf40b0b7216bd6408e919e71885bc0e) Importer(815301076,1909f56bfc062723c751e8b465ee728b)
Start importing Assets/Scripts/BuildingScript/TowerBuilding/MoneyGeneratorClass.cs using Guid(2bf40b0b7216bd6408e919e71885bc0e) Importer(815301076,1909f56bfc062723c751e8b465ee728b)  -> (artifact id: '31deff197ae293799d64315672130ada') in 0.007715 seconds 
  Import took 0.010937 seconds .

========================================================================
Received Import Request.
  Time since last request: 1.727492 seconds.
  path: Assets/Scripts/BuildingScript/TowerBuilding/TowerLazerClass.cs
  artifactKey: Guid(4297049be9a274d4ea6f8f221ab744de) Importer(815301076,1909f56bfc062723c751e8b465ee728b)
Start importing Assets/Scripts/BuildingScript/TowerBuilding/TowerLazerClass.cs using Guid(4297049be9a274d4ea6f8f221ab744de) Importer(815301076,1909f56bfc062723c751e8b465ee728b)  -> (artifact id: '08fadc345ed496a62233879cd99abd8e') in 0.007358 seconds 
  Import took 0.010804 seconds .

========================================================================
Received Import Request.
  Time since last request: 2.743457 seconds.
  path: Assets/Scripts/CharacterScript/Ally
  artifactKey: Guid(c84372548abb51c4d838c9b88a2ed733) Importer(815301076,1909f56bfc062723c751e8b465ee728b)
Start importing Assets/Scripts/CharacterScript/Ally using Guid(c84372548abb51c4d838c9b88a2ed733) Importer(815301076,1909f56bfc062723c751e8b465ee728b)  -> (artifact id: '2c86172a4910f7d2ee73b4d8120c0877') in 0.007321 seconds 
  Import took 0.010756 seconds .

========================================================================
Received Import Request.
  Time since last request: 0.599854 seconds.
  path: Assets/Scripts/CharacterScript/Ally/FarRange
  artifactKey: Guid(1e3c750ca89961f49bbb29ade99b3dd4) Importer(815301076,1909f56bfc062723c751e8b465ee728b)
Start importing Assets/Scripts/CharacterScript/Ally/FarRange using Guid(1e3c750ca89961f49bbb29ade99b3dd4) Importer(815301076,1909f56bfc062723c751e8b465ee728b)  -> (artifact id: '25e736f4263e9ffff26b62252b0cc4b6') in 0.006818 seconds 
  Import took 0.010289 seconds .

========================================================================
Received Import Request.
  Time since last request: 0.717003 seconds.
  path: Assets/Scripts/CharacterScript/Ally/FarRange/FarRangeAlly.cs
  artifactKey: Guid(13866112a093b6f428e0d089d7705181) Importer(815301076,1909f56bfc062723c751e8b465ee728b)
Start importing Assets/Scripts/CharacterScript/Ally/FarRange/FarRangeAlly.cs using Guid(13866112a093b6f428e0d089d7705181) Importer(815301076,1909f56bfc062723c751e8b465ee728b)  -> (artifact id: '07b2da0d507650cd982be37e3d8628ac') in 0.007488 seconds 
  Import took 0.010701 seconds .

========================================================================
Received Import Request.
  Time since last request: 13.229924 seconds.
  path: Assets/Scripts/CharacterScript/Ally/FarRange/FarRangeAlly.cs
  artifactKey: Guid(13866112a093b6f428e0d089d7705181) Importer(815301076,1909f56bfc062723c751e8b465ee728b)
Start importing Assets/Scripts/CharacterScript/Ally/FarRange/FarRangeAlly.cs using Guid(13866112a093b6f428e0d089d7705181) Importer(815301076,1909f56bfc062723c751e8b465ee728b)  -> (artifact id: 'b1ba2f5d8edfb7ec07d83f0ca4e0b9dd') in 0.001901 seconds 
  Import took 0.005425 seconds .

========================================================================
Received Import Request.
  Time since last request: 10.401639 seconds.
  path: Assets/Scripts/CharacterScript/Ally/FarRange/FarRangeAlly.cs
  artifactKey: Guid(13866112a093b6f428e0d089d7705181) Importer(815301076,1909f56bfc062723c751e8b465ee728b)
Start importing Assets/Scripts/CharacterScript/Ally/FarRange/FarRangeAlly.cs using Guid(13866112a093b6f428e0d089d7705181) Importer(815301076,1909f56bfc062723c751e8b465ee728b)  -> (artifact id: 'eecf7493657b030655e658976a88c7fe') in 0.001683 seconds 
  Import took 0.005329 seconds .

========================================================================
Received Prepare
Registering precompiled user dll's ...
Registered in 0.003383 seconds.
Begin MonoManager ReloadAssembly
Native extension for WindowsStandalone target not found
Refreshing native plugins compatible for Editor in 0.48 ms, found 3 plugins.
Preloading 0 native plugins for Editor in 0.00 ms.
Mono: successfully reloaded assembly
- Completed reload, in  0.952 seconds
Domain Reload Profiling:
	ReloadAssembly (953ms)
		BeginReloadAssembly (96ms)
			ExecutionOrderSort (0ms)
			DisableScriptedObjects (7ms)
			BackupInstance (0ms)
			ReleaseScriptingObjects (0ms)
			CreateAndSetChildDomain (27ms)
		EndReloadAssembly (808ms)
			LoadAssemblies (80ms)
			RebuildTransferFunctionScriptingTraits (0ms)
			SetupTypeCache (356ms)
			ReleaseScriptCaches (1ms)
			RebuildScriptCaches (37ms)
			SetupLoadedEditorAssemblies (243ms)
				LogAssemblyErrors (0ms)
				InitializePlatformSupportModulesInManaged (3ms)
				SetLoadedEditorAssemblies (0ms)
				RefreshPlugins (1ms)
				BeforeProcessingInitializeOnLoad (64ms)
				ProcessInitializeOnLoadAttributes (163ms)
				ProcessInitializeOnLoadMethodAttributes (9ms)
				AfterProcessingInitializeOnLoad (2ms)
				EditorAssembliesLoaded (0ms)
			ExecutionOrderSort2 (0ms)
			AwakeInstancesAfterBackupRestoration (8ms)
Platform modules already initialized, skipping
Refreshing native plugins compatible for Editor in 0.56 ms, found 3 plugins.
Preloading 0 native plugins for Editor in 0.00 ms.
Unloading 2232 Unused Serialized files (Serialized files now loaded: 0)
System memory in use before: 99.9 MB.
System memory in use after: 100.0 MB.

Unloading 17 unused Assets to reduce memory usage. Loaded Objects now: 2704.
Total: 2.520500 ms (FindLiveObjects: 0.163700 ms CreateObjectMapping: 0.068100 ms MarkObjects: 2.275500 ms  DeleteObjects: 0.012200 ms)

AssetImportParameters requested are different than current active one (requested -> active):
  custom:framework-win-MediaFoundation: 216162199b28c13a410421893ffa2e32 -> 
  custom:video-decoder-ogg-theora: a1e56fd34408186e4bbccfd4996cb3dc -> 
  custom:container-muxer-webm: aa71ff27fc2769a1b78a27578f13a17b -> 
  custom:container-demuxer-webm: 4f35f7cbe854078d1ac9338744f61a02 -> 
  custom:container-demuxer-ogg: 62fdf1f143b41e24485cea50d1cbac27 -> 
  custom:video-encoder-webm-vp8: eb34c28f22e8b96e1ab97ce403110664 -> 
  custom:video-decoder-webm-vp8: 9c59270c3fd7afecdb556c50c9e8de78 -> 
  custom:audio-decoder-ogg-vorbis: bf7c407c2cedff20999df2af8eb42d56 -> 
  custom:audio-encoder-webm-vorbis: bf7c407c2cedff20999df2af8eb42d56 -> 
========================================================================
Received Import Request.
  Time since last request: 7.644217 seconds.
  path: Assets/Scripts/CharacterScript/Ally/FarRange/HarryPotterClass.cs
  artifactKey: Guid(6876ca621cb3a6240b38883500d300f3) Importer(815301076,1909f56bfc062723c751e8b465ee728b)
Start importing Assets/Scripts/CharacterScript/Ally/FarRange/HarryPotterClass.cs using Guid(6876ca621cb3a6240b38883500d300f3) Importer(815301076,1909f56bfc062723c751e8b465ee728b)  -> (artifact id: '83ecfd7041db99b0a8edef500a84d4e7') in 0.010172 seconds 
  Import took 0.013500 seconds .

========================================================================
Received Import Request.
  Time since last request: 4.698283 seconds.
  path: Assets/Scripts/CharacterScript/Ally/FarRange/ShooterClass.cs
  artifactKey: Guid(9d165e682d7a473428698f05bf7081fb) Importer(815301076,1909f56bfc062723c751e8b465ee728b)
Start importing Assets/Scripts/CharacterScript/Ally/FarRange/ShooterClass.cs using Guid(9d165e682d7a473428698f05bf7081fb) Importer(815301076,1909f56bfc062723c751e8b465ee728b)  -> (artifact id: 'de92eeaec6143b616cfe54f5235f8fc3') in 0.006936 seconds 
  Import took 0.010325 seconds .

========================================================================
Received Import Request.
  Time since last request: 2.869230 seconds.
  path: Assets/Scripts/CharacterScript/Ally/FarRange/SupportClass.cs
  artifactKey: Guid(17aff7faa51140245a87315217e115dd) Importer(815301076,1909f56bfc062723c751e8b465ee728b)
Start importing Assets/Scripts/CharacterScript/Ally/FarRange/SupportClass.cs using Guid(17aff7faa51140245a87315217e115dd) Importer(815301076,1909f56bfc062723c751e8b465ee728b)  -> (artifact id: '5bd7e459f3ed4a583bc29efc99b38a3b') in 0.011176 seconds 
  Import took 0.015431 seconds .

========================================================================
Received Import Request.
  Time since last request: 3.702653 seconds.
  path: Assets/Scripts/CharacterScript/Enemy/FarRange
  artifactKey: Guid(f614303c05ae8a4488f0786be84ffe75) Importer(815301076,1909f56bfc062723c751e8b465ee728b)
Start importing Assets/Scripts/CharacterScript/Enemy/FarRange using Guid(f614303c05ae8a4488f0786be84ffe75) Importer(815301076,1909f56bfc062723c751e8b465ee728b)  -> (artifact id: 'aa8765b912ed30520348677d4ca11ff1') in 0.001811 seconds 
  Import took 0.005383 seconds .

========================================================================
Received Import Request.
  Time since last request: 0.652983 seconds.
  path: Assets/Scripts/CharacterScript/Enemy/FarRange/EneShooterClass.cs
  artifactKey: Guid(bec27fadc8f7cee4cbe15436ff8e3db0) Importer(815301076,1909f56bfc062723c751e8b465ee728b)
Start importing Assets/Scripts/CharacterScript/Enemy/FarRange/EneShooterClass.cs using Guid(bec27fadc8f7cee4cbe15436ff8e3db0) Importer(815301076,1909f56bfc062723c751e8b465ee728b)  -> (artifact id: '0b88074ca4a0eea0c9e09a05ac735c32') in 0.007886 seconds 
  Import took 0.011282 seconds .

========================================================================
Received Import Request.
  Time since last request: 1.851070 seconds.
  path: Assets/Scripts/CharacterScript/Enemy/FarRange/FarRangeEnemy.cs
  artifactKey: Guid(8056a989f23701841a98ad525cfc8fe4) Importer(815301076,1909f56bfc062723c751e8b465ee728b)
Start importing Assets/Scripts/CharacterScript/Enemy/FarRange/FarRangeEnemy.cs using Guid(8056a989f23701841a98ad525cfc8fe4) Importer(815301076,1909f56bfc062723c751e8b465ee728b)  -> (artifact id: 'b37dcc0710d781e327e404e51a02c70e') in 0.006952 seconds 
  Import took 0.011784 seconds .

========================================================================
Received Import Request.
  Time since last request: 137.870355 seconds.
  path: Assets/Scripts/CharacterScript/Enemy/FarRange/FarRangeEnemy.cs
  artifactKey: Guid(8056a989f23701841a98ad525cfc8fe4) Importer(815301076,1909f56bfc062723c751e8b465ee728b)
Start importing Assets/Scripts/CharacterScript/Enemy/FarRange/FarRangeEnemy.cs using Guid(8056a989f23701841a98ad525cfc8fe4) Importer(815301076,1909f56bfc062723c751e8b465ee728b)  -> (artifact id: '1caae1c7c3d7e9dfa2731d48b68f3c33') in 0.002432 seconds 
  Import took 0.007837 seconds .

========================================================================
Received Prepare
Registering precompiled user dll's ...
Registered in 0.003286 seconds.
Begin MonoManager ReloadAssembly
Native extension for WindowsStandalone target not found
Refreshing native plugins compatible for Editor in 0.54 ms, found 3 plugins.
Preloading 0 native plugins for Editor in 0.00 ms.
Mono: successfully reloaded assembly
- Completed reload, in  0.975 seconds
Domain Reload Profiling:
	ReloadAssembly (976ms)
		BeginReloadAssembly (103ms)
			ExecutionOrderSort (0ms)
			DisableScriptedObjects (6ms)
			BackupInstance (0ms)
			ReleaseScriptingObjects (0ms)
			CreateAndSetChildDomain (29ms)
		EndReloadAssembly (820ms)
			LoadAssemblies (82ms)
			RebuildTransferFunctionScriptingTraits (0ms)
			SetupTypeCache (316ms)
			ReleaseScriptCaches (1ms)
			RebuildScriptCaches (46ms)
			SetupLoadedEditorAssemblies (259ms)
				LogAssemblyErrors (0ms)
				InitializePlatformSupportModulesInManaged (4ms)
				SetLoadedEditorAssemblies (1ms)
				RefreshPlugins (1ms)
				BeforeProcessingInitializeOnLoad (74ms)
				ProcessInitializeOnLoadAttributes (168ms)
				ProcessInitializeOnLoadMethodAttributes (10ms)
				AfterProcessingInitializeOnLoad (2ms)
				EditorAssembliesLoaded (0ms)
			ExecutionOrderSort2 (0ms)
			AwakeInstancesAfterBackupRestoration (7ms)
Platform modules already initialized, skipping
Refreshing native plugins compatible for Editor in 0.82 ms, found 3 plugins.
Preloading 0 native plugins for Editor in 0.00 ms.
Unloading 2232 Unused Serialized files (Serialized files now loaded: 0)
System memory in use before: 99.9 MB.
System memory in use after: 100.0 MB.

Unloading 17 unused Assets to reduce memory usage. Loaded Objects now: 2706.
Total: 2.942400 ms (FindLiveObjects: 0.171300 ms CreateObjectMapping: 0.077900 ms MarkObjects: 2.675500 ms  DeleteObjects: 0.016900 ms)

AssetImportParameters requested are different than current active one (requested -> active):
  custom:framework-win-MediaFoundation: 216162199b28c13a410421893ffa2e32 -> 
  custom:video-decoder-ogg-theora: a1e56fd34408186e4bbccfd4996cb3dc -> 
  custom:container-muxer-webm: aa71ff27fc2769a1b78a27578f13a17b -> 
  custom:container-demuxer-webm: 4f35f7cbe854078d1ac9338744f61a02 -> 
  custom:container-demuxer-ogg: 62fdf1f143b41e24485cea50d1cbac27 -> 
  custom:video-encoder-webm-vp8: eb34c28f22e8b96e1ab97ce403110664 -> 
  custom:video-decoder-webm-vp8: 9c59270c3fd7afecdb556c50c9e8de78 -> 
  custom:audio-decoder-ogg-vorbis: bf7c407c2cedff20999df2af8eb42d56 -> 
  custom:audio-encoder-webm-vorbis: bf7c407c2cedff20999df2af8eb42d56 -> 
========================================================================
Received Import Request.
  Time since last request: 45.755192 seconds.
  path: Assets/Scripts/ItemScript/ItemClass.cs
  artifactKey: Guid(9832b176b356842439eeebbc899ddbdf) Importer(815301076,1909f56bfc062723c751e8b465ee728b)
Start importing Assets/Scripts/ItemScript/ItemClass.cs using Guid(9832b176b356842439eeebbc899ddbdf) Importer(815301076,1909f56bfc062723c751e8b465ee728b)  -> (artifact id: '421a9a3e2be2e3187c7b08651975cb86') in 0.014904 seconds 
  Import took 0.019030 seconds .

========================================================================
Received Import Request.
  Time since last request: 4.112304 seconds.
  path: Assets/Scripts/LevelScripts/EnemyHome.cs
  artifactKey: Guid(770bfc8ab953aec4891a0924735b1baf) Importer(815301076,1909f56bfc062723c751e8b465ee728b)
Start importing Assets/Scripts/LevelScripts/EnemyHome.cs using Guid(770bfc8ab953aec4891a0924735b1baf) Importer(815301076,1909f56bfc062723c751e8b465ee728b)  -> (artifact id: 'fba3eb06e4b1a8d99b01637489b3f2bc') in 0.008586 seconds 
  Import took 0.012209 seconds .

========================================================================
Received Import Request.
  Time since last request: 1.104736 seconds.
  path: Assets/Scripts/LevelScripts/LevelManager.cs
  artifactKey: Guid(c8214ecd01b925041b3802d0ee2cb8e2) Importer(815301076,1909f56bfc062723c751e8b465ee728b)
Start importing Assets/Scripts/LevelScripts/LevelManager.cs using Guid(c8214ecd01b925041b3802d0ee2cb8e2) Importer(815301076,1909f56bfc062723c751e8b465ee728b)  -> (artifact id: 'e934f611b1f6e16ebfb5cee47d7eb610') in 0.007993 seconds 
  Import took 0.011936 seconds .

========================================================================
Received Import Request.
  Time since last request: 10.183448 seconds.
  path: Assets/Scripts/LevelScripts/MapCameraController.cs
  artifactKey: Guid(b73eeff7a2a3d7b47ac2c59627bb7069) Importer(815301076,1909f56bfc062723c751e8b465ee728b)
Start importing Assets/Scripts/LevelScripts/MapCameraController.cs using Guid(b73eeff7a2a3d7b47ac2c59627bb7069) Importer(815301076,1909f56bfc062723c751e8b465ee728b)  -> (artifact id: 'd870efa0d6334e475ce7765f36862ecb') in 0.007534 seconds 
  Import took 0.011656 seconds .

========================================================================
Received Import Request.
  Time since last request: 5.127588 seconds.
  path: Assets/Scripts/LevelScripts/PlayerHome.cs
  artifactKey: Guid(050ea0ed928609041aab00e0f4179a28) Importer(815301076,1909f56bfc062723c751e8b465ee728b)
Start importing Assets/Scripts/LevelScripts/PlayerHome.cs using Guid(050ea0ed928609041aab00e0f4179a28) Importer(815301076,1909f56bfc062723c751e8b465ee728b)  -> (artifact id: 'd81b0ea6fedb77e201285901744ed2d3') in 0.009415 seconds 
  Import took 0.013327 seconds .

========================================================================
Received Import Request.
  Time since last request: 16.269503 seconds.
  path: Assets/Scripts/LevelScripts/PlayerHome.cs
  artifactKey: Guid(050ea0ed928609041aab00e0f4179a28) Importer(815301076,1909f56bfc062723c751e8b465ee728b)
Start importing Assets/Scripts/LevelScripts/PlayerHome.cs using Guid(050ea0ed928609041aab00e0f4179a28) Importer(815301076,1909f56bfc062723c751e8b465ee728b)  -> (artifact id: '077d6bd98c232868167d084e77c59f8a') in 0.001509 seconds 
  Import took 0.004898 seconds .

========================================================================
Received Import Request.
  Time since last request: 12.931953 seconds.
  path: Assets/Scripts/LevelScripts/PlayerHome.cs
  artifactKey: Guid(050ea0ed928609041aab00e0f4179a28) Importer(815301076,1909f56bfc062723c751e8b465ee728b)
Start importing Assets/Scripts/LevelScripts/PlayerHome.cs using Guid(050ea0ed928609041aab00e0f4179a28) Importer(815301076,1909f56bfc062723c751e8b465ee728b)  -> (artifact id: '37b94478aaef5ce670fbe756cbc71074') in 0.001999 seconds 
  Import took 0.005965 seconds .

========================================================================
Received Import Request.
  Time since last request: 19.627415 seconds.
  path: Assets/Scripts/LevelScripts/PlayerHome.cs
  artifactKey: Guid(050ea0ed928609041aab00e0f4179a28) Importer(815301076,1909f56bfc062723c751e8b465ee728b)
Start importing Assets/Scripts/LevelScripts/PlayerHome.cs using Guid(050ea0ed928609041aab00e0f4179a28) Importer(815301076,1909f56bfc062723c751e8b465ee728b)  -> (artifact id: 'd2fe723714a260788446d1bc895a5b7c') in 0.001630 seconds 
  Import took 0.005043 seconds .

========================================================================
Received Import Request.
  Time since last request: 12.774232 seconds.
  path: Assets/Scripts/LevelScripts/PlayerHome.cs
  artifactKey: Guid(050ea0ed928609041aab00e0f4179a28) Importer(815301076,1909f56bfc062723c751e8b465ee728b)
Start importing Assets/Scripts/LevelScripts/PlayerHome.cs using Guid(050ea0ed928609041aab00e0f4179a28) Importer(815301076,1909f56bfc062723c751e8b465ee728b)  -> (artifact id: 'c7285bbe5699236af63da5de60cb744b') in 0.002217 seconds 
  Import took 0.006294 seconds .

========================================================================
Received Prepare
Registering precompiled user dll's ...
Registered in 0.002586 seconds.
Begin MonoManager ReloadAssembly
Native extension for WindowsStandalone target not found
Refreshing native plugins compatible for Editor in 0.51 ms, found 3 plugins.
Preloading 0 native plugins for Editor in 0.00 ms.
Mono: successfully reloaded assembly
- Completed reload, in  0.838 seconds
Domain Reload Profiling:
	ReloadAssembly (839ms)
		BeginReloadAssembly (93ms)
			ExecutionOrderSort (0ms)
			DisableScriptedObjects (5ms)
			BackupInstance (0ms)
			ReleaseScriptingObjects (0ms)
			CreateAndSetChildDomain (27ms)
		EndReloadAssembly (699ms)
			LoadAssemblies (77ms)
			RebuildTransferFunctionScriptingTraits (0ms)
			SetupTypeCache (263ms)
			ReleaseScriptCaches (1ms)
			RebuildScriptCaches (37ms)
			SetupLoadedEditorAssemblies (240ms)
				LogAssemblyErrors (0ms)
				InitializePlatformSupportModulesInManaged (3ms)
				SetLoadedEditorAssemblies (0ms)
				RefreshPlugins (1ms)
				BeforeProcessingInitializeOnLoad (66ms)
				ProcessInitializeOnLoadAttributes (160ms)
				ProcessInitializeOnLoadMethodAttributes (9ms)
				AfterProcessingInitializeOnLoad (2ms)
				EditorAssembliesLoaded (0ms)
			ExecutionOrderSort2 (0ms)
			AwakeInstancesAfterBackupRestoration (7ms)
Platform modules already initialized, skipping
Refreshing native plugins compatible for Editor in 0.49 ms, found 3 plugins.
Preloading 0 native plugins for Editor in 0.00 ms.
Unloading 2232 Unused Serialized files (Serialized files now loaded: 0)
System memory in use before: 99.8 MB.
System memory in use after: 99.9 MB.

Unloading 17 unused Assets to reduce memory usage. Loaded Objects now: 2708.
Total: 2.401500 ms (FindLiveObjects: 0.141700 ms CreateObjectMapping: 0.063000 ms MarkObjects: 2.181200 ms  DeleteObjects: 0.015000 ms)

AssetImportParameters requested are different than current active one (requested -> active):
  custom:framework-win-MediaFoundation: 216162199b28c13a410421893ffa2e32 -> 
  custom:video-decoder-ogg-theora: a1e56fd34408186e4bbccfd4996cb3dc -> 
  custom:container-muxer-webm: aa71ff27fc2769a1b78a27578f13a17b -> 
  custom:container-demuxer-webm: 4f35f7cbe854078d1ac9338744f61a02 -> 
  custom:container-demuxer-ogg: 62fdf1f143b41e24485cea50d1cbac27 -> 
  custom:video-encoder-webm-vp8: eb34c28f22e8b96e1ab97ce403110664 -> 
  custom:video-decoder-webm-vp8: 9c59270c3fd7afecdb556c50c9e8de78 -> 
  custom:audio-decoder-ogg-vorbis: bf7c407c2cedff20999df2af8eb42d56 -> 
  custom:audio-encoder-webm-vorbis: bf7c407c2cedff20999df2af8eb42d56 -> 
========================================================================
Received Import Request.
  Time since last request: 11.038946 seconds.
  path: Assets/Scripts/LobbyScipts/Level
  artifactKey: Guid(d436f0c5667da5640b1554259851d509) Importer(815301076,1909f56bfc062723c751e8b465ee728b)
Start importing Assets/Scripts/LobbyScipts/Level using Guid(d436f0c5667da5640b1554259851d509) Importer(815301076,1909f56bfc062723c751e8b465ee728b)  -> (artifact id: '11659397002ed4ca1a1bc38f687caaef') in 0.009631 seconds 
  Import took 0.012645 seconds .

========================================================================
Received Import Request.
  Time since last request: 0.557028 seconds.
  path: Assets/Scripts/LobbyScipts/Level/LevelData.cs
  artifactKey: Guid(1fd6de14462862e40ba237546da8c80d) Importer(815301076,1909f56bfc062723c751e8b465ee728b)
Start importing Assets/Scripts/LobbyScipts/Level/LevelData.cs using Guid(1fd6de14462862e40ba237546da8c80d) Importer(815301076,1909f56bfc062723c751e8b465ee728b)  -> (artifact id: 'cbe3b6334aa223ebac3f1acceef80fe5') in 0.007787 seconds 
  Import took 0.011224 seconds .

========================================================================
Received Import Request.
  Time since last request: 4.699776 seconds.
  path: Assets/Scripts/LobbyScipts/PackagePanel/PackageManager.cs
  artifactKey: Guid(6e708f5fc37293645b6f8081175749ab) Importer(815301076,1909f56bfc062723c751e8b465ee728b)
Start importing Assets/Scripts/LobbyScipts/PackagePanel/PackageManager.cs using Guid(6e708f5fc37293645b6f8081175749ab) Importer(815301076,1909f56bfc062723c751e8b465ee728b)  -> (artifact id: 'a98bd70e3ca3f17955103c6e14163ab9') in 0.007441 seconds 
  Import took 0.011575 seconds .

========================================================================
Received Import Request.
  Time since last request: 3.683475 seconds.
  path: Assets/Scripts/LobbyScipts/PanelController/LobbyPanelController.cs
  artifactKey: Guid(688f0b2b54e4acd4d93e6b8a551663cf) Importer(815301076,1909f56bfc062723c751e8b465ee728b)
Start importing Assets/Scripts/LobbyScipts/PanelController/LobbyPanelController.cs using Guid(688f0b2b54e4acd4d93e6b8a551663cf) Importer(815301076,1909f56bfc062723c751e8b465ee728b)  -> (artifact id: '6e2ee5eb9c480ec609a7569d8731c70b') in 0.016677 seconds 
  Import took 0.021949 seconds .

========================================================================
Received Import Request.
  Time since last request: 1.970946 seconds.
  path: Assets/Scripts/LobbyScipts/PanelController/TeamPanelController.cs
  artifactKey: Guid(077023d5cf90a0c4aa410a414235bb9e) Importer(815301076,1909f56bfc062723c751e8b465ee728b)
Start importing Assets/Scripts/LobbyScipts/PanelController/TeamPanelController.cs using Guid(077023d5cf90a0c4aa410a414235bb9e) Importer(815301076,1909f56bfc062723c751e8b465ee728b)  -> (artifact id: 'd062f0bec029329aadf714e76b542958') in 0.006431 seconds 
  Import took 0.010063 seconds .

========================================================================
Received Import Request.
  Time since last request: 1.423933 seconds.
  path: Assets/Scripts/LobbyScipts/PanelController/UnitInTeamPanelCtrl.cs
  artifactKey: Guid(fcb9d4880ba9c1246b41ba39584ad839) Importer(815301076,1909f56bfc062723c751e8b465ee728b)
Start importing Assets/Scripts/LobbyScipts/PanelController/UnitInTeamPanelCtrl.cs using Guid(fcb9d4880ba9c1246b41ba39584ad839) Importer(815301076,1909f56bfc062723c751e8b465ee728b)  -> (artifact id: '85e4a632d7cc5f0ea02d72149f04228b') in 0.008045 seconds 
  Import took 0.012249 seconds .

========================================================================
Received Import Request.
  Time since last request: 4.307702 seconds.
  path: Assets/Scripts/LobbyScipts/UpgradePanel/UpgradeManager.cs
  artifactKey: Guid(6ce41f16ab91da6489e1aed7f8a8afce) Importer(815301076,1909f56bfc062723c751e8b465ee728b)
Start importing Assets/Scripts/LobbyScipts/UpgradePanel/UpgradeManager.cs using Guid(6ce41f16ab91da6489e1aed7f8a8afce) Importer(815301076,1909f56bfc062723c751e8b465ee728b)  -> (artifact id: 'bb5f1aecb5233d0bed40815499134a37') in 0.007109 seconds 
  Import took 0.010937 seconds .

========================================================================
Received Import Request.
  Time since last request: 2.353751 seconds.
  path: Assets/Scripts/Projectiles/BigRangeProjectiles.cs
  artifactKey: Guid(bf6b5c1867bdc374cae335d337e74fbf) Importer(815301076,1909f56bfc062723c751e8b465ee728b)
Start importing Assets/Scripts/Projectiles/BigRangeProjectiles.cs using Guid(bf6b5c1867bdc374cae335d337e74fbf) Importer(815301076,1909f56bfc062723c751e8b465ee728b)  -> (artifact id: '40c40649bfe8dce7ca0e375c6e6c8306') in 0.008166 seconds 
  Import took 0.012462 seconds .

========================================================================
Received Import Request.
  Time since last request: 1.252722 seconds.
  path: Assets/Scripts/Projectiles/HealthProjectiles.cs
  artifactKey: Guid(0b5281fed3c77264da085f44c4b7d9b8) Importer(815301076,1909f56bfc062723c751e8b465ee728b)
Start importing Assets/Scripts/Projectiles/HealthProjectiles.cs using Guid(0b5281fed3c77264da085f44c4b7d9b8) Importer(815301076,1909f56bfc062723c751e8b465ee728b)  -> (artifact id: '3053ef141cdf16c61b1867cc4ccb898c') in 0.006940 seconds 
  Import took 0.011341 seconds .

========================================================================
Received Import Request.
  Time since last request: 1.044518 seconds.
  path: Assets/Scripts/Projectiles/ProjectilesSuperClass.cs
  artifactKey: Guid(04a7853dc7b51c54b82e03312001249c) Importer(815301076,1909f56bfc062723c751e8b465ee728b)
Start importing Assets/Scripts/Projectiles/ProjectilesSuperClass.cs using Guid(04a7853dc7b51c54b82e03312001249c) Importer(815301076,1909f56bfc062723c751e8b465ee728b)  -> (artifact id: '5faa6fb212ac0f7ef0322a21db201ff7') in 0.007701 seconds 
  Import took 0.011148 seconds .

========================================================================
Received Import Request.
  Time since last request: 0.776511 seconds.
  path: Assets/Scripts/Projectiles/ShootProjectiles.cs
  artifactKey: Guid(3d85c53acfef9904f906e1e4f37b9cff) Importer(815301076,1909f56bfc062723c751e8b465ee728b)
Start importing Assets/Scripts/Projectiles/ShootProjectiles.cs using Guid(3d85c53acfef9904f906e1e4f37b9cff) Importer(815301076,1909f56bfc062723c751e8b465ee728b)  -> (artifact id: '207bbd02fd8e70f9f62bf4c8e76a78dd') in 0.007619 seconds 
  Import took 0.010951 seconds .

========================================================================
Received Import Request.
  Time since last request: 2.620358 seconds.
  path: Assets/Scripts/Storage/AllGameData.cs
  artifactKey: Guid(eef0ac35449d955499b505002ba9a9a3) Importer(815301076,1909f56bfc062723c751e8b465ee728b)
Start importing Assets/Scripts/Storage/AllGameData.cs using Guid(eef0ac35449d955499b505002ba9a9a3) Importer(815301076,1909f56bfc062723c751e8b465ee728b)  -> (artifact id: '4f160c69ef2ae26d8d34c3d7153772a2') in 0.006784 seconds 
  Import took 0.010694 seconds .

AssetImportWorkerClient::OnTransportError - code=2 error=End of file
